<?xml version="1.0" encoding="UTF-8"?>
<!-- Generated by org.testng.reporters.JUnitXMLReporter -->
<testsuite ignored="4" hostname="Madhawas-MacBook-Air.local" failures="0" tests="1" name="Default test" time="8.559" errors="0" timestamp="09 May 2021 16:48:18 GMT">
  <testcase classname="TestClasses.HomeTest" name="ActiveButtonGetText" time="8.5"/>
  <testcase classname="TestClasses.HomeTest" name="AllButtonPageRedirection" time="0.0">
    <ignored/>
  </testcase> <!-- AllButtonPageRedirection -->
  <testcase classname="TestClasses.HomeTest" name="MarkAsCompleteListItem" time="0.0">
    <ignored/>
  </testcase> <!-- MarkAsCompleteListItem -->
  <testcase classname="TestClasses.HomeTest" name="AddTodoListItem" time="0.0">
    <ignored/>
  </testcase> <!-- AddTodoListItem -->
  <testcase classname="TestClasses.HomeTest" name="TodoURLPageRedirection" time="0.0">
    <ignored/>
  </testcase> <!-- TodoURLPageRedirection -->
</testsuite> <!-- Default test -->
