<?xml version="1.0" encoding="UTF-8"?>
<testng-results ignored="4" total="5" passed="1" failed="0" skipped="0">
  <reporter-output>
  </reporter-output>
  <suite started-at="2021-05-09T16:48:10Z" name="Default suite" finished-at="2021-05-09T16:48:18Z" duration-ms="8559">
    <groups>
    </groups>
    <test started-at="2021-05-09T16:48:10Z" name="Default test" finished-at="2021-05-09T16:48:18Z" duration-ms="8559">
      <class name="TestClasses.HomeTest">
        <test-method signature="ActiveButtonGetText()[pri:1, instance:TestClasses.HomeTest@429bd883]" started-at="2021-05-09T22:18:10Z" name="ActiveButtonGetText" finished-at="2021-05-09T22:18:18Z" duration-ms="8500" status="PASS">
          <reporter-output>
          </reporter-output>
        </test-method> <!-- ActiveButtonGetText -->
      </class> <!-- TestClasses.HomeTest -->
    </test> <!-- Default test -->
  </suite> <!-- Default suite -->
</testng-results>
